{"total": {"lines":{"total":171,"covered":77,"skipped":0,"pct":45.02},"statements":{"total":173,"covered":78,"skipped":0,"pct":45.08},"functions":{"total":18,"covered":11,"skipped":0,"pct":61.11},"branches":{"total":66,"covered":19,"skipped":0,"pct":28.78},"branchesTrue":{"total":0,"covered":0,"skipped":0,"pct":"Unknown"}}
,"/Users/aiq/work/ai-driven-dev-starter-kit/scripts/lib/projectVerifier.ts": {"lines":{"total":171,"covered":77,"skipped":0,"pct":45.02},"functions":{"total":18,"covered":11,"skipped":0,"pct":61.11},"statements":{"total":173,"covered":78,"skipped":0,"pct":45.08},"branches":{"total":66,"covered":19,"skipped":0,"pct":28.78}}
}
