TN:
SF:scripts/lib/projectVerifier.ts
FN:33,(anonymous_1)
FN:38,(anonymous_2)
FN:78,(anonymous_3)
FN:98,(anonymous_4)
FN:115,(anonymous_5)
FN:153,(anonymous_6)
FN:181,(anonymous_7)
FN:200,(anonymous_8)
FN:217,(anonymous_9)
FN:241,(anonymous_10)
FN:253,(anonymous_11)
FN:263,(anonymous_12)
FN:275,(anonymous_13)
FN:297,(anonymous_14)
FN:316,(anonymous_15)
FN:358,(anonymous_16)
FN:479,(anonymous_17)
FN:487,(anonymous_18)
FNF:18
FNH:11
FNDA:4,(anonymous_1)
FNDA:4,(anonymous_2)
FNDA:4,(anonymous_3)
FNDA:4,(anonymous_4)
FNDA:4,(anonymous_5)
FNDA:0,(anonymous_6)
FNDA:4,(anonymous_7)
FNDA:4,(anonymous_8)
FNDA:4,(anonymous_9)
FNDA:0,(anonymous_10)
FNDA:0,(anonymous_11)
FNDA:0,(anonymous_12)
FNDA:4,(anonymous_13)
FNDA:2,(anonymous_14)
FNDA:4,(anonymous_15)
FNDA:0,(anonymous_16)
FNDA:0,(anonymous_17)
FNDA:0,(anonymous_18)
DA:1,3
DA:2,3
DA:3,3
DA:4,3
DA:29,3
DA:34,4
DA:35,4
DA:39,4
DA:48,4
DA:51,4
DA:54,4
DA:57,4
DA:60,4
DA:63,4
DA:64,0
DA:65,0
DA:66,0
DA:71,4
DA:73,4
DA:75,4
DA:79,4
DA:81,4
DA:82,48
DA:83,48
DA:85,48
DA:87,48
DA:88,42
DA:89,22
DA:90,22
DA:92,20
DA:100,4
DA:101,4
DA:105,4
DA:106,0
DA:110,4
DA:111,4
DA:116,4
DA:118,4
DA:119,3
DA:122,1
DA:123,1
DA:126,1
DA:127,1
DA:128,3
DA:129,0
DA:134,1
DA:135,1
DA:136,0
DA:138,1
DA:139,1
DA:144,1
DA:145,0
DA:149,0
DA:154,0
DA:156,0
DA:157,0
DA:160,0
DA:161,0
DA:164,0
DA:165,0
DA:168,0
DA:169,0
DA:172,0
DA:173,0
DA:177,0
DA:182,4
DA:184,4
DA:185,4
DA:188,0
DA:189,0
DA:191,0
DA:192,0
DA:196,0
DA:201,4
DA:203,4
DA:204,4
DA:206,0
DA:207,0
DA:209,0
DA:210,0
DA:212,0
DA:213,0
DA:219,4
DA:220,4
DA:221,0
DA:223,0
DA:224,0
DA:229,4
DA:230,4
DA:232,4
DA:233,4
DA:236,4
DA:237,4
DA:243,0
DA:244,0
DA:245,0
DA:247,0
DA:248,0
DA:255,0
DA:256,0
DA:258,0
DA:259,0
DA:265,0
DA:266,0
DA:267,0
DA:269,0
DA:270,0
DA:276,4
DA:278,4
DA:283,4
DA:284,6
DA:285,6
DA:288,6
DA:293,6
DA:294,12
DA:295,12
DA:296,2
DA:297,2
DA:300,2
DA:301,2
DA:302,1
DA:304,1
DA:312,0
DA:317,4
DA:326,4
DA:352,4
DA:359,0
DA:361,0
DA:362,0
DA:364,0
DA:365,0
DA:367,0
DA:371,0
DA:372,0
DA:373,0
DA:379,0
DA:380,0
DA:386,0
DA:388,0
DA:389,0
DA:396,0
DA:400,0
DA:401,0
DA:402,0
DA:408,0
DA:410,0
DA:411,0
DA:418,0
DA:422,0
DA:423,0
DA:424,0
DA:430,0
DA:432,0
DA:433,0
DA:440,0
DA:443,0
DA:451,0
DA:452,0
DA:454,0
DA:462,0
DA:463,0
DA:465,0
DA:467,0
DA:482,0
DA:484,0
DA:486,0
DA:487,0
DA:494,0
DA:495,0
DA:496,0
DA:499,0
LF:171
LH:77
BRDA:63,0,0,0
BRDA:65,1,0,0
BRDA:73,2,0,0
BRDA:73,2,1,4
BRDA:87,3,0,42
BRDA:88,4,0,22
BRDA:88,4,1,20
BRDA:100,5,0,4
BRDA:105,6,0,0
BRDA:110,7,0,4
BRDA:118,8,0,3
BRDA:128,9,0,0
BRDA:134,10,0,1
BRDA:135,11,0,0
BRDA:138,12,0,1
BRDA:144,13,0,0
BRDA:149,14,0,0
BRDA:149,14,1,0
BRDA:156,15,0,0
BRDA:164,16,0,0
BRDA:168,17,0,0
BRDA:172,18,0,0
BRDA:177,19,0,0
BRDA:177,19,1,0
BRDA:184,20,0,4
BRDA:191,21,0,0
BRDA:196,22,0,0
BRDA:196,22,1,0
BRDA:201,23,0,4
BRDA:201,23,1,0
BRDA:201,23,2,0
BRDA:201,23,3,0
BRDA:220,24,0,0
BRDA:223,25,0,0
BRDA:232,26,0,4
BRDA:236,27,0,4
BRDA:244,28,0,0
BRDA:247,29,0,0
BRDA:258,30,0,0
BRDA:258,31,0,0
BRDA:258,31,1,0
BRDA:266,32,0,0
BRDA:269,33,0,0
BRDA:295,34,0,2
BRDA:301,35,0,1
BRDA:301,35,1,1
BRDA:301,36,0,2
BRDA:301,36,1,1
BRDA:312,37,0,0
BRDA:312,37,1,0
BRDA:352,38,0,4
BRDA:352,38,1,0
BRDA:367,39,0,0
BRDA:367,39,1,0
BRDA:367,39,2,0
BRDA:367,39,3,0
BRDA:367,39,4,0
BRDA:388,40,0,0
BRDA:388,40,1,0
BRDA:410,41,0,0
BRDA:410,41,1,0
BRDA:432,42,0,0
BRDA:432,42,1,0
BRDA:463,43,0,0
BRDA:463,43,1,0
BRDA:484,44,0,0
BRF:66
BRH:19
end_of_record
